<?xml version="1.0" encoding="UTF-8"?>
<!-- Generated by org.testng.reporters.JUnitReportReporter -->
<testsuite hostname="DESKTOP-JSGTNCE" failures="0" tests="1" name="automation.testsuite.Practice_day18" time="30.097" errors="0" timestamp="2025-03-27T16:21:32 ICT" skipped="0">
  <testcase classname="automation.testsuite.Practice_day18" name="consultedLogin" time="30.097"/>
  <system-out/>
</testsuite> <!-- automation.testsuite.Practice_day18 -->
