<?xml version="1.0" encoding="UTF-8"?>
<!-- Generated by org.testng.reporters.JUnitReportReporter -->
<testsuite hostname="DESKTOP-JSGTNCE" failures="0" tests="1" name="automation.testsuite.TestAlada" time="48.723" errors="0" timestamp="2025-04-01T13:51:07 ICT" skipped="0">
  <testcase classname="automation.testsuite.TestAlada" name="loginFailed_2" time="48.723"/>
  <system-out/>
</testsuite> <!-- automation.testsuite.TestAlada -->
