<?xml version="1.0" encoding="UTF-8"?>
<!-- Generated by org.testng.reporters.JUnitReportReporter -->
<testsuite hostname="DESKTOP-JSGTNCE" failures="0" tests="1" name="automation.testsuite.Practice_day18" time="10.001" errors="0" timestamp="2025-03-27T17:29:43 ICT" skipped="0">
  <testcase classname="automation.testsuite.Practice_day18" name="consultedLogin" time="10.001"/>
  <system-out/>
</testsuite> <!-- automation.testsuite.Practice_day18 -->
