<?xml version="1.0" encoding="UTF-8"?>
<!-- Generated by org.testng.reporters.JUnitReportReporter -->
<testsuite hostname="DESKTOP-JSGTNCE" failures="0" tests="1" name="automation.testsuite.Section2_MagnetoTestStore" time="39.162" errors="0" timestamp="2025-03-26T14:36:59 ICT" skipped="0">
  <testcase classname="automation.testsuite.Section2_MagnetoTestStore" name="placeOrderSuccessfully" time="39.162"/>
  <system-out/>
</testsuite> <!-- automation.testsuite.Section2_MagnetoTestStore -->
